
          SEED=7189862944042338977

          replicas=4
          clients=3
          request_probability=79%
          idle_on_probability=4%
          idle_off_probability=11%
          one_way_delay_mean=5 ticks
          one_way_delay_min=2 ticks
          packet_loss_probability=5%
          path_maximum_capacity=37 messages
          path_clog_duration_mean=203 ticks
          path_clog_probability=1%
          packet_replay_probability=4%
          partition_mode=PartitionMode.uniform_size
          partition_probability=2%
          unpartition_probability=9%
          partition_stability=124 ticks
          unpartition_stability=9 ticks
          read_latency_min=0
          read_latency_mean=10
          write_latency_min=2
          write_latency_mean=10
          read_fault_probability=5%
          write_fault_probability=6%

     0001 351360372bed4724ed9c9c2d18ee64f3 > 5c834472a15385f46b7beff3b893444a 3
     0002 5c834472a15385f46b7beff3b893444a > 30170ddbda1ed77d4c4162ff3edb11d4 3
0001/0002 351360372bed4724ed9c9c2d18ee64f3 > 5c834472a15385f46b7beff3b893444a 0
0002/0002 5c834472a15385f46b7beff3b893444a > 30170ddbda1ed77d4c4162ff3edb11d4 0
0001/0002 351360372bed4724ed9c9c2d18ee64f3 > 5c834472a15385f46b7beff3b893444a 2
0002/0002 5c834472a15385f46b7beff3b893444a > 30170ddbda1ed77d4c4162ff3edb11d4 2
0001/0002 351360372bed4724ed9c9c2d18ee64f3 > 5c834472a15385f46b7beff3b893444a 1
0002/0002 5c834472a15385f46b7beff3b893444a > 30170ddbda1ed77d4c4162ff3edb11d4 1
     0003 30170ddbda1ed77d4c4162ff3edb11d4 > b7f713fb662a233ee634b359f5c164a0 0
0003/0003 30170ddbda1ed77d4c4162ff3edb11d4 > b7f713fb662a233ee634b359f5c164a0 2
0003/0003 30170ddbda1ed77d4c4162ff3edb11d4 > b7f713fb662a233ee634b359f5c164a0 3
0003/0003 30170ddbda1ed77d4c4162ff3edb11d4 > b7f713fb662a233ee634b359f5c164a0 1
     0004 b7f713fb662a233ee634b359f5c164a0 > f78e6a14cefa310b85e2000f789389ad 0
0004/0004 b7f713fb662a233ee634b359f5c164a0 > f78e6a14cefa310b85e2000f789389ad 1
0004/0004 b7f713fb662a233ee634b359f5c164a0 > f78e6a14cefa310b85e2000f789389ad 2
0004/0004 b7f713fb662a233ee634b359f5c164a0 > f78e6a14cefa310b85e2000f789389ad 3
     0005 f78e6a14cefa310b85e2000f789389ad > 57a116f76e7e9538446691e2f4b57660 0
0005/0005 f78e6a14cefa310b85e2000f789389ad > 57a116f76e7e9538446691e2f4b57660 3
0005/0005 f78e6a14cefa310b85e2000f789389ad > 57a116f76e7e9538446691e2f4b57660 1
0005/0005 f78e6a14cefa310b85e2000f789389ad > 57a116f76e7e9538446691e2f4b57660 2
     0006 57a116f76e7e9538446691e2f4b57660 > 81b3c65801d23a31c629b7d3a4e1ba0d 1
0006/0006 57a116f76e7e9538446691e2f4b57660 > 81b3c65801d23a31c629b7d3a4e1ba0d 0
0006/0006 57a116f76e7e9538446691e2f4b57660 > 81b3c65801d23a31c629b7d3a4e1ba0d 3
0006/0006 57a116f76e7e9538446691e2f4b57660 > 81b3c65801d23a31c629b7d3a4e1ba0d 2
     0007 81b3c65801d23a31c629b7d3a4e1ba0d > 9241f557a484f958912116cafe0ff0fb 2
0007/0007 81b3c65801d23a31c629b7d3a4e1ba0d > 9241f557a484f958912116cafe0ff0fb 0
0007/0007 81b3c65801d23a31c629b7d3a4e1ba0d > 9241f557a484f958912116cafe0ff0fb 1
0007/0007 81b3c65801d23a31c629b7d3a4e1ba0d > 9241f557a484f958912116cafe0ff0fb 3
     0008 9241f557a484f958912116cafe0ff0fb > af74b820d9b63eaffb2c619e0ac0b721 2
0008/0008 9241f557a484f958912116cafe0ff0fb > af74b820d9b63eaffb2c619e0ac0b721 0
0008/0008 9241f557a484f958912116cafe0ff0fb > af74b820d9b63eaffb2c619e0ac0b721 1
0008/0008 9241f557a484f958912116cafe0ff0fb > af74b820d9b63eaffb2c619e0ac0b721 3
     0009 af74b820d9b63eaffb2c619e0ac0b721 > 862d930a93462a0091de018dc0320503 0
     0010 862d930a93462a0091de018dc0320503 > f1ef19859bd19393351260ef4dc4be30 0
0009/0010 af74b820d9b63eaffb2c619e0ac0b721 > 862d930a93462a0091de018dc0320503 1
0010/0010 862d930a93462a0091de018dc0320503 > f1ef19859bd19393351260ef4dc4be30 1
0009/0010 af74b820d9b63eaffb2c619e0ac0b721 > 862d930a93462a0091de018dc0320503 3
0009/0010 af74b820d9b63eaffb2c619e0ac0b721 > 862d930a93462a0091de018dc0320503 2
0010/0010 862d930a93462a0091de018dc0320503 > f1ef19859bd19393351260ef4dc4be30 2
0010/0010 862d930a93462a0091de018dc0320503 > f1ef19859bd19393351260ef4dc4be30 3
     0011 f1ef19859bd19393351260ef4dc4be30 > 4d9aef9141967f36182337e0bf2f8f19 0
     0012 4d9aef9141967f36182337e0bf2f8f19 > 451ef2d6802fbfcf56bef95cf395fb04 0
0011/0012 f1ef19859bd19393351260ef4dc4be30 > 4d9aef9141967f36182337e0bf2f8f19 2
0012/0012 4d9aef9141967f36182337e0bf2f8f19 > 451ef2d6802fbfcf56bef95cf395fb04 2
0011/0012 f1ef19859bd19393351260ef4dc4be30 > 4d9aef9141967f36182337e0bf2f8f19 3
0012/0012 4d9aef9141967f36182337e0bf2f8f19 > 451ef2d6802fbfcf56bef95cf395fb04 3
0011/0012 f1ef19859bd19393351260ef4dc4be30 > 4d9aef9141967f36182337e0bf2f8f19 1
0012/0012 4d9aef9141967f36182337e0bf2f8f19 > 451ef2d6802fbfcf56bef95cf395fb04 1
     0013 451ef2d6802fbfcf56bef95cf395fb04 > 19d75f7aa9671a0465a5bce92c763833 0
0013/0013 451ef2d6802fbfcf56bef95cf395fb04 > 19d75f7aa9671a0465a5bce92c763833 1
     0014 19d75f7aa9671a0465a5bce92c763833 > 8a59243c34e2869e02baf9c059f65698 0
0013/0014 451ef2d6802fbfcf56bef95cf395fb04 > 19d75f7aa9671a0465a5bce92c763833 3
0014/0014 19d75f7aa9671a0465a5bce92c763833 > 8a59243c34e2869e02baf9c059f65698 3
0013/0014 451ef2d6802fbfcf56bef95cf395fb04 > 19d75f7aa9671a0465a5bce92c763833 2
0014/0014 19d75f7aa9671a0465a5bce92c763833 > 8a59243c34e2869e02baf9c059f65698 2
     0015 8a59243c34e2869e02baf9c059f65698 > beca656c98f68f00caefd13ffef944ca 0
0014/0015 19d75f7aa9671a0465a5bce92c763833 > 8a59243c34e2869e02baf9c059f65698 1
0015/0015 8a59243c34e2869e02baf9c059f65698 > beca656c98f68f00caefd13ffef944ca 1
0015/0015 8a59243c34e2869e02baf9c059f65698 > beca656c98f68f00caefd13ffef944ca 3
0015/0015 8a59243c34e2869e02baf9c059f65698 > beca656c98f68f00caefd13ffef944ca 2
     0016 beca656c98f68f00caefd13ffef944ca > 6b7733a40a23effd97571f7d3c516fde 0
     0017 6b7733a40a23effd97571f7d3c516fde > 5ed418e83f61c558526d6927a7498476 0
0016/0017 beca656c98f68f00caefd13ffef944ca > 6b7733a40a23effd97571f7d3c516fde 3
0017/0017 6b7733a40a23effd97571f7d3c516fde > 5ed418e83f61c558526d6927a7498476 3
0016/0017 beca656c98f68f00caefd13ffef944ca > 6b7733a40a23effd97571f7d3c516fde 1
0017/0017 6b7733a40a23effd97571f7d3c516fde > 5ed418e83f61c558526d6927a7498476 1
0016/0017 beca656c98f68f00caefd13ffef944ca > 6b7733a40a23effd97571f7d3c516fde 2
0017/0017 6b7733a40a23effd97571f7d3c516fde > 5ed418e83f61c558526d6927a7498476 2
     0018 5ed418e83f61c558526d6927a7498476 > 029c5c73f89607eb0f36e4b2885227d0 3
     0019 029c5c73f89607eb0f36e4b2885227d0 > 11a43dfc7a8546ce6b90397f2554d13f 3
0018/0019 5ed418e83f61c558526d6927a7498476 > 029c5c73f89607eb0f36e4b2885227d0 1
0018/0019 5ed418e83f61c558526d6927a7498476 > 029c5c73f89607eb0f36e4b2885227d0 0
0018/0019 5ed418e83f61c558526d6927a7498476 > 029c5c73f89607eb0f36e4b2885227d0 2
0019/0019 029c5c73f89607eb0f36e4b2885227d0 > 11a43dfc7a8546ce6b90397f2554d13f 0
0019/0019 029c5c73f89607eb0f36e4b2885227d0 > 11a43dfc7a8546ce6b90397f2554d13f 2
0019/0019 029c5c73f89607eb0f36e4b2885227d0 > 11a43dfc7a8546ce6b90397f2554d13f 1
     0020 11a43dfc7a8546ce6b90397f2554d13f > 26b0decfe38892a2f412c9c36ee42e17 3
0020/0020 11a43dfc7a8546ce6b90397f2554d13f > 26b0decfe38892a2f412c9c36ee42e17 0
0020/0020 11a43dfc7a8546ce6b90397f2554d13f > 26b0decfe38892a2f412c9c36ee42e17 2
     0021 26b0decfe38892a2f412c9c36ee42e17 > d648b713f91a205c4f12d2fde24915de 0
0021/0021 26b0decfe38892a2f412c9c36ee42e17 > d648b713f91a205c4f12d2fde24915de 2
0021/0021 26b0decfe38892a2f412c9c36ee42e17 > d648b713f91a205c4f12d2fde24915de 3
     0022 d648b713f91a205c4f12d2fde24915de > b5104d4f1a48170b7f7c4390fe46b1e5 3
0022/0022 d648b713f91a205c4f12d2fde24915de > b5104d4f1a48170b7f7c4390fe46b1e5 2
0022/0022 d648b713f91a205c4f12d2fde24915de > b5104d4f1a48170b7f7c4390fe46b1e5 0
     0023 b5104d4f1a48170b7f7c4390fe46b1e5 > 57405dadb308f813f15c36ecfc959082 3
0020/0023 11a43dfc7a8546ce6b90397f2554d13f > 26b0decfe38892a2f412c9c36ee42e17 1
0021/0023 26b0decfe38892a2f412c9c36ee42e17 > d648b713f91a205c4f12d2fde24915de 1
0022/0023 d648b713f91a205c4f12d2fde24915de > b5104d4f1a48170b7f7c4390fe46b1e5 1
0023/0023 b5104d4f1a48170b7f7c4390fe46b1e5 > 57405dadb308f813f15c36ecfc959082 1
0023/0023 b5104d4f1a48170b7f7c4390fe46b1e5 > 57405dadb308f813f15c36ecfc959082 2
     0024 57405dadb308f813f15c36ecfc959082 > 459450bb277f8535618ef4c99801281b 3
     0025 459450bb277f8535618ef4c99801281b > a49802e979130bfa98e5001c245a7491 3
0024/0025 57405dadb308f813f15c36ecfc959082 > 459450bb277f8535618ef4c99801281b 1
0025/0025 459450bb277f8535618ef4c99801281b > a49802e979130bfa98e5001c245a7491 1
0024/0025 57405dadb308f813f15c36ecfc959082 > 459450bb277f8535618ef4c99801281b 2
0025/0025 459450bb277f8535618ef4c99801281b > a49802e979130bfa98e5001c245a7491 2
0023/0025 b5104d4f1a48170b7f7c4390fe46b1e5 > 57405dadb308f813f15c36ecfc959082 0
     0026 a49802e979130bfa98e5001c245a7491 > b134c4f4ddddfb6713a01f604a8970e3 1
0026/0026 a49802e979130bfa98e5001c245a7491 > b134c4f4ddddfb6713a01f604a8970e3 2
0024/0026 57405dadb308f813f15c36ecfc959082 > 459450bb277f8535618ef4c99801281b 0
0025/0026 459450bb277f8535618ef4c99801281b > a49802e979130bfa98e5001c245a7491 0
0026/0026 a49802e979130bfa98e5001c245a7491 > b134c4f4ddddfb6713a01f604a8970e3 0
     0027 b134c4f4ddddfb6713a01f604a8970e3 > 70568de0631a95c0fe3e830e270a2f40 2
     0028 70568de0631a95c0fe3e830e270a2f40 > 541e1bf9b6e13dc2e5dd87c6fc53870f 2
0026/0028 a49802e979130bfa98e5001c245a7491 > b134c4f4ddddfb6713a01f604a8970e3 3
0027/0028 b134c4f4ddddfb6713a01f604a8970e3 > 70568de0631a95c0fe3e830e270a2f40 3
0027/0028 b134c4f4ddddfb6713a01f604a8970e3 > 70568de0631a95c0fe3e830e270a2f40 0
0028/0028 70568de0631a95c0fe3e830e270a2f40 > 541e1bf9b6e13dc2e5dd87c6fc53870f 3
0028/0028 70568de0631a95c0fe3e830e270a2f40 > 541e1bf9b6e13dc2e5dd87c6fc53870f 0
0027/0028 b134c4f4ddddfb6713a01f604a8970e3 > 70568de0631a95c0fe3e830e270a2f40 1
0028/0028 70568de0631a95c0fe3e830e270a2f40 > 541e1bf9b6e13dc2e5dd87c6fc53870f 1
     0029 541e1bf9b6e13dc2e5dd87c6fc53870f > 4e5a3c4e499c7986502a37bd96e2563b 2
0029/0029 541e1bf9b6e13dc2e5dd87c6fc53870f > 4e5a3c4e499c7986502a37bd96e2563b 3
0029/0029 541e1bf9b6e13dc2e5dd87c6fc53870f > 4e5a3c4e499c7986502a37bd96e2563b 0
     0030 4e5a3c4e499c7986502a37bd96e2563b > 04d72e2674bc6919f27481e5c817027f 2
0029/0030 541e1bf9b6e13dc2e5dd87c6fc53870f > 4e5a3c4e499c7986502a37bd96e2563b 1
0030/0030 4e5a3c4e499c7986502a37bd96e2563b > 04d72e2674bc6919f27481e5c817027f 1
0030/0030 4e5a3c4e499c7986502a37bd96e2563b > 04d72e2674bc6919f27481e5c817027f 3
0030/0030 4e5a3c4e499c7986502a37bd96e2563b > 04d72e2674bc6919f27481e5c817027f 0
     0031 04d72e2674bc6919f27481e5c817027f > 0d9f6667e4aa1a85e571efeaa0cafaa5 2
0031/0031 04d72e2674bc6919f27481e5c817027f > 0d9f6667e4aa1a85e571efeaa0cafaa5 0
0031/0031 04d72e2674bc6919f27481e5c817027f > 0d9f6667e4aa1a85e571efeaa0cafaa5 1
     0032 0d9f6667e4aa1a85e571efeaa0cafaa5 > 87767a8bb8a146c56be9a7ab1cdb4114 2
0031/0032 04d72e2674bc6919f27481e5c817027f > 0d9f6667e4aa1a85e571efeaa0cafaa5 3
0032/0032 0d9f6667e4aa1a85e571efeaa0cafaa5 > 87767a8bb8a146c56be9a7ab1cdb4114 3
     0033 87767a8bb8a146c56be9a7ab1cdb4114 > 6a07f07b4fbbc727a744df3296c49f04 2
     0034 6a07f07b4fbbc727a744df3296c49f04 > 0cb0a161810950a8790947239503bfa7 2
     0035 0cb0a161810950a8790947239503bfa7 > e91511232f4f8c8efc697001fbc2c3af 2
0033/0035 87767a8bb8a146c56be9a7ab1cdb4114 > 6a07f07b4fbbc727a744df3296c49f04 3
0034/0035 6a07f07b4fbbc727a744df3296c49f04 > 0cb0a161810950a8790947239503bfa7 3
0032/0035 0d9f6667e4aa1a85e571efeaa0cafaa5 > 87767a8bb8a146c56be9a7ab1cdb4114 0
0032/0035 0d9f6667e4aa1a85e571efeaa0cafaa5 > 87767a8bb8a146c56be9a7ab1cdb4114 1
0035/0035 0cb0a161810950a8790947239503bfa7 > e91511232f4f8c8efc697001fbc2c3af 3
0033/0035 87767a8bb8a146c56be9a7ab1cdb4114 > 6a07f07b4fbbc727a744df3296c49f04 1
0034/0035 6a07f07b4fbbc727a744df3296c49f04 > 0cb0a161810950a8790947239503bfa7 1
0035/0035 0cb0a161810950a8790947239503bfa7 > e91511232f4f8c8efc697001fbc2c3af 1
0033/0035 87767a8bb8a146c56be9a7ab1cdb4114 > 6a07f07b4fbbc727a744df3296c49f04 0
0034/0035 6a07f07b4fbbc727a744df3296c49f04 > 0cb0a161810950a8790947239503bfa7 0
0035/0035 0cb0a161810950a8790947239503bfa7 > e91511232f4f8c8efc697001fbc2c3af 0
     0036 e91511232f4f8c8efc697001fbc2c3af > 126e9c02bc6b90ec180fd9241e00e875 2
0036/0036 e91511232f4f8c8efc697001fbc2c3af > 126e9c02bc6b90ec180fd9241e00e875 1
0036/0036 e91511232f4f8c8efc697001fbc2c3af > 126e9c02bc6b90ec180fd9241e00e875 3
     0037 126e9c02bc6b90ec180fd9241e00e875 > 412892354628b4c2fc05dce1bc56d1bb 2
     0038 412892354628b4c2fc05dce1bc56d1bb > 34a15efe052da81e5bec54dea9db87d8 2
0037/0038 126e9c02bc6b90ec180fd9241e00e875 > 412892354628b4c2fc05dce1bc56d1bb 3
     0039 34a15efe052da81e5bec54dea9db87d8 > a92347317f08f288ebd7cf74f7b4ab42 2
0038/0039 412892354628b4c2fc05dce1bc56d1bb > 34a15efe052da81e5bec54dea9db87d8 3
0039/0039 34a15efe052da81e5bec54dea9db87d8 > a92347317f08f288ebd7cf74f7b4ab42 3
0036/0039 e91511232f4f8c8efc697001fbc2c3af > 126e9c02bc6b90ec180fd9241e00e875 0
0037/0039 126e9c02bc6b90ec180fd9241e00e875 > 412892354628b4c2fc05dce1bc56d1bb 0
0038/0039 412892354628b4c2fc05dce1bc56d1bb > 34a15efe052da81e5bec54dea9db87d8 0
0039/0039 34a15efe052da81e5bec54dea9db87d8 > a92347317f08f288ebd7cf74f7b4ab42 0
0037/0039 126e9c02bc6b90ec180fd9241e00e875 > 412892354628b4c2fc05dce1bc56d1bb 1
0038/0039 412892354628b4c2fc05dce1bc56d1bb > 34a15efe052da81e5bec54dea9db87d8 1
0039/0039 34a15efe052da81e5bec54dea9db87d8 > a92347317f08f288ebd7cf74f7b4ab42 1
     0040 a92347317f08f288ebd7cf74f7b4ab42 > f902c28b04cb34b3ecc2404494c5b5ec 2
0040/0040 a92347317f08f288ebd7cf74f7b4ab42 > f902c28b04cb34b3ecc2404494c5b5ec 1
0040/0040 a92347317f08f288ebd7cf74f7b4ab42 > f902c28b04cb34b3ecc2404494c5b5ec 0
0040/0040 a92347317f08f288ebd7cf74f7b4ab42 > f902c28b04cb34b3ecc2404494c5b5ec 3
     0041 f902c28b04cb34b3ecc2404494c5b5ec > ee082a4190c55a44d52c18fec1f31636 3
     0042 ee082a4190c55a44d52c18fec1f31636 > dddb7a3a525c5a3c763db9039aa343d8 3
0041/0042 f902c28b04cb34b3ecc2404494c5b5ec > ee082a4190c55a44d52c18fec1f31636 2
0042/0042 ee082a4190c55a44d52c18fec1f31636 > dddb7a3a525c5a3c763db9039aa343d8 2
0041/0042 f902c28b04cb34b3ecc2404494c5b5ec > ee082a4190c55a44d52c18fec1f31636 0
0042/0042 ee082a4190c55a44d52c18fec1f31636 > dddb7a3a525c5a3c763db9039aa343d8 0
0041/0042 f902c28b04cb34b3ecc2404494c5b5ec > ee082a4190c55a44d52c18fec1f31636 1
0042/0042 ee082a4190c55a44d52c18fec1f31636 > dddb7a3a525c5a3c763db9039aa343d8 1
     0043 dddb7a3a525c5a3c763db9039aa343d8 > 98c0f06a1f43211645736a98cc182331 1
0043/0043 dddb7a3a525c5a3c763db9039aa343d8 > 98c0f06a1f43211645736a98cc182331 3
0043/0043 dddb7a3a525c5a3c763db9039aa343d8 > 98c0f06a1f43211645736a98cc182331 0
0043/0043 dddb7a3a525c5a3c763db9039aa343d8 > 98c0f06a1f43211645736a98cc182331 2
     0044 98c0f06a1f43211645736a98cc182331 > ac82166c22241c0aec7263d3b8a96a95 1
     0045 ac82166c22241c0aec7263d3b8a96a95 > ce4a135c599aa18dc9ef415809caaa43 1
0044/0045 98c0f06a1f43211645736a98cc182331 > ac82166c22241c0aec7263d3b8a96a95 2
0045/0045 ac82166c22241c0aec7263d3b8a96a95 > ce4a135c599aa18dc9ef415809caaa43 2
0044/0045 98c0f06a1f43211645736a98cc182331 > ac82166c22241c0aec7263d3b8a96a95 3
0045/0045 ac82166c22241c0aec7263d3b8a96a95 > ce4a135c599aa18dc9ef415809caaa43 3
0044/0045 98c0f06a1f43211645736a98cc182331 > ac82166c22241c0aec7263d3b8a96a95 0
0045/0045 ac82166c22241c0aec7263d3b8a96a95 > ce4a135c599aa18dc9ef415809caaa43 0
     0046 ce4a135c599aa18dc9ef415809caaa43 > e4f82feeac3274ab38f3efa7f8a305ef 1
     0047 e4f82feeac3274ab38f3efa7f8a305ef > 6dccc89f1816bde69838a1fa2c0dfd4c 1
     0048 6dccc89f1816bde69838a1fa2c0dfd4c > b7e0346bbc0f2048d7e8d0855cd90578 1
0046/0048 ce4a135c599aa18dc9ef415809caaa43 > e4f82feeac3274ab38f3efa7f8a305ef 3
0046/0048 ce4a135c599aa18dc9ef415809caaa43 > e4f82feeac3274ab38f3efa7f8a305ef 0
0047/0048 e4f82feeac3274ab38f3efa7f8a305ef > 6dccc89f1816bde69838a1fa2c0dfd4c 0
0048/0048 6dccc89f1816bde69838a1fa2c0dfd4c > b7e0346bbc0f2048d7e8d0855cd90578 0
0046/0048 ce4a135c599aa18dc9ef415809caaa43 > e4f82feeac3274ab38f3efa7f8a305ef 2
0047/0048 e4f82feeac3274ab38f3efa7f8a305ef > 6dccc89f1816bde69838a1fa2c0dfd4c 2
0048/0048 6dccc89f1816bde69838a1fa2c0dfd4c > b7e0346bbc0f2048d7e8d0855cd90578 2
0047/0048 e4f82feeac3274ab38f3efa7f8a305ef > 6dccc89f1816bde69838a1fa2c0dfd4c 3
0048/0048 6dccc89f1816bde69838a1fa2c0dfd4c > b7e0346bbc0f2048d7e8d0855cd90578 3
     0049 b7e0346bbc0f2048d7e8d0855cd90578 > 2751bded1141b5f07a825bc591da8b11 1
0049/0049 b7e0346bbc0f2048d7e8d0855cd90578 > 2751bded1141b5f07a825bc591da8b11 0
     0050 2751bded1141b5f07a825bc591da8b11 > 20b93748c78f849121cee61d59ed729e 1
0049/0050 b7e0346bbc0f2048d7e8d0855cd90578 > 2751bded1141b5f07a825bc591da8b11 3
0050/0050 2751bded1141b5f07a825bc591da8b11 > 20b93748c78f849121cee61d59ed729e 3
0049/0050 b7e0346bbc0f2048d7e8d0855cd90578 > 2751bded1141b5f07a825bc591da8b11 2
0050/0050 2751bded1141b5f07a825bc591da8b11 > 20b93748c78f849121cee61d59ed729e 2
0050/0050 2751bded1141b5f07a825bc591da8b11 > 20b93748c78f849121cee61d59ed729e 0
     0051 20b93748c78f849121cee61d59ed729e > 3e80097b989c419cff7dec323f0a2bd8 1
0051/0051 20b93748c78f849121cee61d59ed729e > 3e80097b989c419cff7dec323f0a2bd8 3
0051/0051 20b93748c78f849121cee61d59ed729e > 3e80097b989c419cff7dec323f0a2bd8 2
0051/0051 20b93748c78f849121cee61d59ed729e > 3e80097b989c419cff7dec323f0a2bd8 0
     0052 3e80097b989c419cff7dec323f0a2bd8 > 3e16850a92cf6c4a04b85b1e90fcf46e 1
0052/0052 3e80097b989c419cff7dec323f0a2bd8 > 3e16850a92cf6c4a04b85b1e90fcf46e 0
0052/0052 3e80097b989c419cff7dec323f0a2bd8 > 3e16850a92cf6c4a04b85b1e90fcf46e 2
0052/0052 3e80097b989c419cff7dec323f0a2bd8 > 3e16850a92cf6c4a04b85b1e90fcf46e 3
     0053 3e16850a92cf6c4a04b85b1e90fcf46e > ee3462177ab1c53d7508bae42473eaac 2
     0054 ee3462177ab1c53d7508bae42473eaac > 5fe32c41c4e075d83695babb7341b5fb 2
0053/0054 3e16850a92cf6c4a04b85b1e90fcf46e > ee3462177ab1c53d7508bae42473eaac 1
0054/0054 ee3462177ab1c53d7508bae42473eaac > 5fe32c41c4e075d83695babb7341b5fb 1
0053/0054 3e16850a92cf6c4a04b85b1e90fcf46e > ee3462177ab1c53d7508bae42473eaac 3
0054/0054 ee3462177ab1c53d7508bae42473eaac > 5fe32c41c4e075d83695babb7341b5fb 3
0053/0054 3e16850a92cf6c4a04b85b1e90fcf46e > ee3462177ab1c53d7508bae42473eaac 0
0054/0054 ee3462177ab1c53d7508bae42473eaac > 5fe32c41c4e075d83695babb7341b5fb 0
     0055 5fe32c41c4e075d83695babb7341b5fb > 1c577a22f66209441a6ea693303f14fb 3
0055/0055 5fe32c41c4e075d83695babb7341b5fb > 1c577a22f66209441a6ea693303f14fb 2
0055/0055 5fe32c41c4e075d83695babb7341b5fb > 1c577a22f66209441a6ea693303f14fb 0
     0056 1c577a22f66209441a6ea693303f14fb > 974e428b07c29c16c15d3ee87cbbd0dd 0
0056/0056 1c577a22f66209441a6ea693303f14fb > 974e428b07c29c16c15d3ee87cbbd0dd 2
0056/0056 1c577a22f66209441a6ea693303f14fb > 974e428b07c29c16c15d3ee87cbbd0dd 3
0055/0056 5fe32c41c4e075d83695babb7341b5fb > 1c577a22f66209441a6ea693303f14fb 1
0056/0056 1c577a22f66209441a6ea693303f14fb > 974e428b07c29c16c15d3ee87cbbd0dd 1
     0057 974e428b07c29c16c15d3ee87cbbd0dd > 05a485a5f0cc8aa3d3efc3a7636b01b8 1
0057/0057 974e428b07c29c16c15d3ee87cbbd0dd > 05a485a5f0cc8aa3d3efc3a7636b01b8 3
0057/0057 974e428b07c29c16c15d3ee87cbbd0dd > 05a485a5f0cc8aa3d3efc3a7636b01b8 2
0057/0057 974e428b07c29c16c15d3ee87cbbd0dd > 05a485a5f0cc8aa3d3efc3a7636b01b8 0
     0058 05a485a5f0cc8aa3d3efc3a7636b01b8 > 898e45a446e304a4ac4599c612dcd4eb 1
     0059 898e45a446e304a4ac4599c612dcd4eb > defbca20e77e2d81be65486e993d924d 1
0058/0059 05a485a5f0cc8aa3d3efc3a7636b01b8 > 898e45a446e304a4ac4599c612dcd4eb 0
0059/0059 898e45a446e304a4ac4599c612dcd4eb > defbca20e77e2d81be65486e993d924d 0
0058/0059 05a485a5f0cc8aa3d3efc3a7636b01b8 > 898e45a446e304a4ac4599c612dcd4eb 2
0059/0059 898e45a446e304a4ac4599c612dcd4eb > defbca20e77e2d81be65486e993d924d 2
0058/0059 05a485a5f0cc8aa3d3efc3a7636b01b8 > 898e45a446e304a4ac4599c612dcd4eb 3
0059/0059 898e45a446e304a4ac4599c612dcd4eb > defbca20e77e2d81be65486e993d924d 3
     0060 defbca20e77e2d81be65486e993d924d > 7f66ce0e5f8e11b0a418864b89b6170c 2
     0061 7f66ce0e5f8e11b0a418864b89b6170c > 52ff93ec1bd10e5dab8079de15986d80 2
0060/0061 defbca20e77e2d81be65486e993d924d > 7f66ce0e5f8e11b0a418864b89b6170c 1
0060/0061 defbca20e77e2d81be65486e993d924d > 7f66ce0e5f8e11b0a418864b89b6170c 3
0060/0061 defbca20e77e2d81be65486e993d924d > 7f66ce0e5f8e11b0a418864b89b6170c 0
     0062 52ff93ec1bd10e5dab8079de15986d80 > 00513ff32f87a7a0092305681d276902 2
0061/0062 7f66ce0e5f8e11b0a418864b89b6170c > 52ff93ec1bd10e5dab8079de15986d80 3
0062/0062 52ff93ec1bd10e5dab8079de15986d80 > 00513ff32f87a7a0092305681d276902 3
0061/0062 7f66ce0e5f8e11b0a418864b89b6170c > 52ff93ec1bd10e5dab8079de15986d80 0
0062/0062 52ff93ec1bd10e5dab8079de15986d80 > 00513ff32f87a7a0092305681d276902 0
0061/0062 7f66ce0e5f8e11b0a418864b89b6170c > 52ff93ec1bd10e5dab8079de15986d80 1
0062/0062 52ff93ec1bd10e5dab8079de15986d80 > 00513ff32f87a7a0092305681d276902 1
     0063 00513ff32f87a7a0092305681d276902 > f2fe7ba52a386fdb06def43861d74a1d 0
0063/0063 00513ff32f87a7a0092305681d276902 > f2fe7ba52a386fdb06def43861d74a1d 1
0063/0063 00513ff32f87a7a0092305681d276902 > f2fe7ba52a386fdb06def43861d74a1d 2
     0064 f2fe7ba52a386fdb06def43861d74a1d > 313a48108a3e11b3e6e76840604b12e2 0
     0065 313a48108a3e11b3e6e76840604b12e2 > e78fc197ffcbd058c0708cb61cdb1777 0
0063/0065 00513ff32f87a7a0092305681d276902 > f2fe7ba52a386fdb06def43861d74a1d 3
0064/0065 f2fe7ba52a386fdb06def43861d74a1d > 313a48108a3e11b3e6e76840604b12e2 3
0065/0065 313a48108a3e11b3e6e76840604b12e2 > e78fc197ffcbd058c0708cb61cdb1777 3
0064/0065 f2fe7ba52a386fdb06def43861d74a1d > 313a48108a3e11b3e6e76840604b12e2 1
0065/0065 313a48108a3e11b3e6e76840604b12e2 > e78fc197ffcbd058c0708cb61cdb1777 1
0064/0065 f2fe7ba52a386fdb06def43861d74a1d > 313a48108a3e11b3e6e76840604b12e2 2
0065/0065 313a48108a3e11b3e6e76840604b12e2 > e78fc197ffcbd058c0708cb61cdb1777 2
     0066 e78fc197ffcbd058c0708cb61cdb1777 > 008258286b092e0ce246799ac06badad 3
0066/0066 e78fc197ffcbd058c0708cb61cdb1777 > 008258286b092e0ce246799ac06badad 0
0066/0066 e78fc197ffcbd058c0708cb61cdb1777 > 008258286b092e0ce246799ac06badad 1
0066/0066 e78fc197ffcbd058c0708cb61cdb1777 > 008258286b092e0ce246799ac06badad 2
     0067 008258286b092e0ce246799ac06badad > eb98adb468bacc93270548a8bb7c3201 2
     0068 eb98adb468bacc93270548a8bb7c3201 > 260512548d0a6c8448fc225ae8c6ad53 2
0067/0068 008258286b092e0ce246799ac06badad > eb98adb468bacc93270548a8bb7c3201 3
0068/0068 eb98adb468bacc93270548a8bb7c3201 > 260512548d0a6c8448fc225ae8c6ad53 3
0067/0068 008258286b092e0ce246799ac06badad > eb98adb468bacc93270548a8bb7c3201 0
0068/0068 eb98adb468bacc93270548a8bb7c3201 > 260512548d0a6c8448fc225ae8c6ad53 0
0067/0068 008258286b092e0ce246799ac06badad > eb98adb468bacc93270548a8bb7c3201 1
0068/0068 eb98adb468bacc93270548a8bb7c3201 > 260512548d0a6c8448fc225ae8c6ad53 1
     0069 260512548d0a6c8448fc225ae8c6ad53 > e1019a12b10db4b557706e31875e2ad5 3
0069/0069 260512548d0a6c8448fc225ae8c6ad53 > e1019a12b10db4b557706e31875e2ad5 1
0069/0069 260512548d0a6c8448fc225ae8c6ad53 > e1019a12b10db4b557706e31875e2ad5 2
0069/0069 260512548d0a6c8448fc225ae8c6ad53 > e1019a12b10db4b557706e31875e2ad5 0
     0070 e1019a12b10db4b557706e31875e2ad5 > 2f97b21907432123670d2f089c468234 3
0070/0070 e1019a12b10db4b557706e31875e2ad5 > 2f97b21907432123670d2f089c468234 0
0070/0070 e1019a12b10db4b557706e31875e2ad5 > 2f97b21907432123670d2f089c468234 2
0070/0070 e1019a12b10db4b557706e31875e2ad5 > 2f97b21907432123670d2f089c468234 1
     0071 2f97b21907432123670d2f089c468234 > 49aeffb084db880823b6ea187efc7c89 3
0071/0071 2f97b21907432123670d2f089c468234 > 49aeffb084db880823b6ea187efc7c89 0
0071/0071 2f97b21907432123670d2f089c468234 > 49aeffb084db880823b6ea187efc7c89 1
0071/0071 2f97b21907432123670d2f089c468234 > 49aeffb084db880823b6ea187efc7c89 2
     0072 49aeffb084db880823b6ea187efc7c89 > 6b47e9bcd98f997b8499672f6c4adb73 1
     0073 6b47e9bcd98f997b8499672f6c4adb73 > a97d021ee1628f60eff6e5ac516e00f5 1
0072/0073 49aeffb084db880823b6ea187efc7c89 > 6b47e9bcd98f997b8499672f6c4adb73 3
0072/0073 49aeffb084db880823b6ea187efc7c89 > 6b47e9bcd98f997b8499672f6c4adb73 2
0073/0073 6b47e9bcd98f997b8499672f6c4adb73 > a97d021ee1628f60eff6e5ac516e00f5 2
0073/0073 6b47e9bcd98f997b8499672f6c4adb73 > a97d021ee1628f60eff6e5ac516e00f5 3
0072/0073 49aeffb084db880823b6ea187efc7c89 > 6b47e9bcd98f997b8499672f6c4adb73 0
0073/0073 6b47e9bcd98f997b8499672f6c4adb73 > a97d021ee1628f60eff6e5ac516e00f5 0
     0074 a97d021ee1628f60eff6e5ac516e00f5 > 057e3486af6378e3597bc5ee85550daf 2
0074/0074 a97d021ee1628f60eff6e5ac516e00f5 > 057e3486af6378e3597bc5ee85550daf 1
0074/0074 a97d021ee1628f60eff6e5ac516e00f5 > 057e3486af6378e3597bc5ee85550daf 3
0074/0074 a97d021ee1628f60eff6e5ac516e00f5 > 057e3486af6378e3597bc5ee85550daf 0
     0075 057e3486af6378e3597bc5ee85550daf > 1367f9a85f2189b5e7f2411d0965fd3e 0
0075/0075 057e3486af6378e3597bc5ee85550daf > 1367f9a85f2189b5e7f2411d0965fd3e 1
0075/0075 057e3486af6378e3597bc5ee85550daf > 1367f9a85f2189b5e7f2411d0965fd3e 3
0075/0075 057e3486af6378e3597bc5ee85550daf > 1367f9a85f2189b5e7f2411d0965fd3e 2
     0076 1367f9a85f2189b5e7f2411d0965fd3e > 9edbb229fe043711019578f418a53f8a 1
0076/0076 1367f9a85f2189b5e7f2411d0965fd3e > 9edbb229fe043711019578f418a53f8a 3
0076/0076 1367f9a85f2189b5e7f2411d0965fd3e > 9edbb229fe043711019578f418a53f8a 2
0076/0076 1367f9a85f2189b5e7f2411d0965fd3e > 9edbb229fe043711019578f418a53f8a 0
     0077 9edbb229fe043711019578f418a53f8a > 63f75685fed7e97f49c2b933a2d9f1b6 1
     0078 63f75685fed7e97f49c2b933a2d9f1b6 > 582ccfca64d41d7c1ac644a75e704818 1
0077/0078 9edbb229fe043711019578f418a53f8a > 63f75685fed7e97f49c2b933a2d9f1b6 3
0078/0078 63f75685fed7e97f49c2b933a2d9f1b6 > 582ccfca64d41d7c1ac644a75e704818 3
0077/0078 9edbb229fe043711019578f418a53f8a > 63f75685fed7e97f49c2b933a2d9f1b6 2
0078/0078 63f75685fed7e97f49c2b933a2d9f1b6 > 582ccfca64d41d7c1ac644a75e704818 2
0077/0078 9edbb229fe043711019578f418a53f8a > 63f75685fed7e97f49c2b933a2d9f1b6 0
0078/0078 63f75685fed7e97f49c2b933a2d9f1b6 > 582ccfca64d41d7c1ac644a75e704818 0
     0079 582ccfca64d41d7c1ac644a75e704818 > 72f5bfd6af6eb4a0c92de2ef6ee8e6c2 0
0079/0079 582ccfca64d41d7c1ac644a75e704818 > 72f5bfd6af6eb4a0c92de2ef6ee8e6c2 3
     0080 72f5bfd6af6eb4a0c92de2ef6ee8e6c2 > 5d3051660f1f8605fff4b131016d716c 0
0079/0080 582ccfca64d41d7c1ac644a75e704818 > 72f5bfd6af6eb4a0c92de2ef6ee8e6c2 2
0080/0080 72f5bfd6af6eb4a0c92de2ef6ee8e6c2 > 5d3051660f1f8605fff4b131016d716c 2
0079/0080 582ccfca64d41d7c1ac644a75e704818 > 72f5bfd6af6eb4a0c92de2ef6ee8e6c2 1
0080/0080 72f5bfd6af6eb4a0c92de2ef6ee8e6c2 > 5d3051660f1f8605fff4b131016d716c 1
0080/0080 72f5bfd6af6eb4a0c92de2ef6ee8e6c2 > 5d3051660f1f8605fff4b131016d716c 3
     0081 5d3051660f1f8605fff4b131016d716c > 9961f40ebc6f34daadcf9437c4619543 0
0081/0081 5d3051660f1f8605fff4b131016d716c > 9961f40ebc6f34daadcf9437c4619543 2
0081/0081 5d3051660f1f8605fff4b131016d716c > 9961f40ebc6f34daadcf9437c4619543 1
0081/0081 5d3051660f1f8605fff4b131016d716c > 9961f40ebc6f34daadcf9437c4619543 3
     0082 9961f40ebc6f34daadcf9437c4619543 > de64412c319fc17979132172cc87d75a 0
     0083 de64412c319fc17979132172cc87d75a > 293499d1dc6848562b71ab5a40bf1815 0
0082/0083 9961f40ebc6f34daadcf9437c4619543 > de64412c319fc17979132172cc87d75a 2
0083/0083 de64412c319fc17979132172cc87d75a > 293499d1dc6848562b71ab5a40bf1815 2
0082/0083 9961f40ebc6f34daadcf9437c4619543 > de64412c319fc17979132172cc87d75a 1
0083/0083 de64412c319fc17979132172cc87d75a > 293499d1dc6848562b71ab5a40bf1815 1
0082/0083 9961f40ebc6f34daadcf9437c4619543 > de64412c319fc17979132172cc87d75a 3
     0084 293499d1dc6848562b71ab5a40bf1815 > 129f37f36de62d2e3ca1ae268dc38bac 1
0083/0084 de64412c319fc17979132172cc87d75a > 293499d1dc6848562b71ab5a40bf1815 3
0084/0084 293499d1dc6848562b71ab5a40bf1815 > 129f37f36de62d2e3ca1ae268dc38bac 0
0084/0084 293499d1dc6848562b71ab5a40bf1815 > 129f37f36de62d2e3ca1ae268dc38bac 2
     0085 129f37f36de62d2e3ca1ae268dc38bac > c84ffc6fc186732d6774a28ff1718b13 1
     0086 c84ffc6fc186732d6774a28ff1718b13 > c645e54ab4c17d5bf72c7a81f420a43c 1
0084/0086 293499d1dc6848562b71ab5a40bf1815 > 129f37f36de62d2e3ca1ae268dc38bac 3
0085/0086 129f37f36de62d2e3ca1ae268dc38bac > c84ffc6fc186732d6774a28ff1718b13 3
0086/0086 c84ffc6fc186732d6774a28ff1718b13 > c645e54ab4c17d5bf72c7a81f420a43c 3
0085/0086 129f37f36de62d2e3ca1ae268dc38bac > c84ffc6fc186732d6774a28ff1718b13 2
0086/0086 c84ffc6fc186732d6774a28ff1718b13 > c645e54ab4c17d5bf72c7a81f420a43c 2
0085/0086 129f37f36de62d2e3ca1ae268dc38bac > c84ffc6fc186732d6774a28ff1718b13 0
0086/0086 c84ffc6fc186732d6774a28ff1718b13 > c645e54ab4c17d5bf72c7a81f420a43c 0
     0087 c645e54ab4c17d5bf72c7a81f420a43c > 6a71e675c61d88910b218f2faa9ccbfd 1
0087/0087 c645e54ab4c17d5bf72c7a81f420a43c > 6a71e675c61d88910b218f2faa9ccbfd 2
0087/0087 c645e54ab4c17d5bf72c7a81f420a43c > 6a71e675c61d88910b218f2faa9ccbfd 0
0087/0087 c645e54ab4c17d5bf72c7a81f420a43c > 6a71e675c61d88910b218f2faa9ccbfd 3
     0088 6a71e675c61d88910b218f2faa9ccbfd > 7d81fd0c980358bc5dba60d2d34fa040 0
0088/0088 6a71e675c61d88910b218f2faa9ccbfd > 7d81fd0c980358bc5dba60d2d34fa040 1
0088/0088 6a71e675c61d88910b218f2faa9ccbfd > 7d81fd0c980358bc5dba60d2d34fa040 2
0088/0088 6a71e675c61d88910b218f2faa9ccbfd > 7d81fd0c980358bc5dba60d2d34fa040 3
     0089 7d81fd0c980358bc5dba60d2d34fa040 > 8502cc246b2f069cf05c97514e3d1616 0
0089/0089 7d81fd0c980358bc5dba60d2d34fa040 > 8502cc246b2f069cf05c97514e3d1616 3
0089/0089 7d81fd0c980358bc5dba60d2d34fa040 > 8502cc246b2f069cf05c97514e3d1616 1
0089/0089 7d81fd0c980358bc5dba60d2d34fa040 > 8502cc246b2f069cf05c97514e3d1616 2
     0090 8502cc246b2f069cf05c97514e3d1616 > c28dab33a3f84f721087d91b24920a74 3
0090/0090 8502cc246b2f069cf05c97514e3d1616 > c28dab33a3f84f721087d91b24920a74 0
0090/0090 8502cc246b2f069cf05c97514e3d1616 > c28dab33a3f84f721087d91b24920a74 1
     0091 c28dab33a3f84f721087d91b24920a74 > a52896b3650993b096de86b2fc577405 0
     0092 a52896b3650993b096de86b2fc577405 > 2649f197c2976f98a4493bf6cbc592a3 0
0091/0092 c28dab33a3f84f721087d91b24920a74 > a52896b3650993b096de86b2fc577405 1
0092/0092 a52896b3650993b096de86b2fc577405 > 2649f197c2976f98a4493bf6cbc592a3 1
0090/0092 8502cc246b2f069cf05c97514e3d1616 > c28dab33a3f84f721087d91b24920a74 2
0091/0092 c28dab33a3f84f721087d91b24920a74 > a52896b3650993b096de86b2fc577405 2
0092/0092 a52896b3650993b096de86b2fc577405 > 2649f197c2976f98a4493bf6cbc592a3 2
0091/0092 c28dab33a3f84f721087d91b24920a74 > a52896b3650993b096de86b2fc577405 3
0092/0092 a52896b3650993b096de86b2fc577405 > 2649f197c2976f98a4493bf6cbc592a3 3
     0093 2649f197c2976f98a4493bf6cbc592a3 > 9eeb8f840d59db943ae463e281d33983 0
0093/0093 2649f197c2976f98a4493bf6cbc592a3 > 9eeb8f840d59db943ae463e281d33983 1
0093/0093 2649f197c2976f98a4493bf6cbc592a3 > 9eeb8f840d59db943ae463e281d33983 3
0093/0093 2649f197c2976f98a4493bf6cbc592a3 > 9eeb8f840d59db943ae463e281d33983 2
     0094 9eeb8f840d59db943ae463e281d33983 > 7c69d3347400276e6a7d509daacf24ce 0
     0095 7c69d3347400276e6a7d509daacf24ce > aea74958e888e765538c3a41a0f2f5d5 0
0094/0095 9eeb8f840d59db943ae463e281d33983 > 7c69d3347400276e6a7d509daacf24ce 3
0095/0095 7c69d3347400276e6a7d509daacf24ce > aea74958e888e765538c3a41a0f2f5d5 3
0094/0095 9eeb8f840d59db943ae463e281d33983 > 7c69d3347400276e6a7d509daacf24ce 1
0095/0095 7c69d3347400276e6a7d509daacf24ce > aea74958e888e765538c3a41a0f2f5d5 1
0094/0095 9eeb8f840d59db943ae463e281d33983 > 7c69d3347400276e6a7d509daacf24ce 2
0095/0095 7c69d3347400276e6a7d509daacf24ce > aea74958e888e765538c3a41a0f2f5d5 2
     0096 aea74958e888e765538c3a41a0f2f5d5 > bc22e474294fba3238d7a922afcb385d 0
0096/0096 aea74958e888e765538c3a41a0f2f5d5 > bc22e474294fba3238d7a922afcb385d 3
0096/0096 aea74958e888e765538c3a41a0f2f5d5 > bc22e474294fba3238d7a922afcb385d 2
0096/0096 aea74958e888e765538c3a41a0f2f5d5 > bc22e474294fba3238d7a922afcb385d 1
     0097 bc22e474294fba3238d7a922afcb385d > b43b769276f46937c5d006e41a53b267 1
     0098 b43b769276f46937c5d006e41a53b267 > 6e131f1e5265edfd212870ab290c4aed 1
0097/0098 bc22e474294fba3238d7a922afcb385d > b43b769276f46937c5d006e41a53b267 3
thread 3065225 panic: replica transitioned to an invalid state
